{"level":"info","message":"Successfully retrieved users","usersCount":6}
{"level":"info","message":"Successfully retrieved users","usersCount":6}
{"level":"info","message":"Successfully retrieved users","usersCount":6}
{"level":"info","message":"Successfully retrieved users","usersCount":6}
{"level":"info","message":"Successfully retrieved user","userId":"6Ak8QadCd0Z99coibvUFMHt6Cqk1"}
{"level":"info","message":"Successfully retrieved user","userId":"6Ak8QadCd0Z99coibvUFMHt6Cqk1"}
{"level":"info","message":"Successfully retrieved user","userId":"6Ak8QadCd0Z99coibvUFMHt6Cqk1"}
{"level":"info","message":"Successfully retrieved user","userId":"6Ak8QadCd0Z99coibvUFMHt6Cqk1"}
{"level":"info","message":"Successfully retrieved user","userId":"RkwkdfNNIaMJ7FrePksukGQksaK2"}
{"level":"info","message":"Successfully retrieved user","userId":"RkwkdfNNIaMJ7FrePksukGQksaK2"}
{"level":"info","message":"Successfully retrieved user","userId":"RkwkdfNNIaMJ7FrePksukGQksaK2"}
{"level":"info","message":"Successfully retrieved user","userId":"UFODsgaYPvNNcE22EpYlWn6AlxO2"}
{"level":"info","message":"Successfully retrieved user","userId":"RkwkdfNNIaMJ7FrePksukGQksaK2"}
{"level":"info","message":"Successfully retrieved user","userId":"UFODsgaYPvNNcE22EpYlWn6AlxO2"}
{"level":"info","message":"Successfully retrieved user","userId":"fOxwIcBczEU7a8iHtd6IxTpnH5i2"}
{"level":"info","message":"Successfully retrieved user","userId":"UFODsgaYPvNNcE22EpYlWn6AlxO2"}
{"level":"info","message":"Successfully retrieved user","userId":"fOxwIcBczEU7a8iHtd6IxTpnH5i2"}
{"level":"info","message":"Successfully retrieved user","userId":"fOxwIcBczEU7a8iHtd6IxTpnH5i2"}
{"level":"info","message":"Successfully retrieved user","userId":"2d3qlVQihlSsJQ7YdGwqJjyFx6F2"}
{"level":"info","message":"Successfully retrieved user","userId":"2d3qlVQihlSsJQ7YdGwqJjyFx6F2"}
{"level":"info","message":"Successfully retrieved user","userId":"2d3qlVQihlSsJQ7YdGwqJjyFx6F2"}
{"level":"info","message":"Successfully retrieved user","userId":"fOxwIcBczEU7a8iHtd6IxTpnH5i2"}
{"level":"info","message":"Successfully retrieved users","usersCount":6}
{"level":"info","message":"Successfully retrieved user","userId":"2d3qlVQihlSsJQ7YdGwqJjyFx6F2"}
{"level":"info","message":"Successfully retrieved user","userId":"UFODsgaYPvNNcE22EpYlWn6AlxO2"}
{"level":"info","message":"Successfully retrieved user","userId":"fOxwIcBczEU7a8iHtd6IxTpnH5i2"}
{"level":"info","message":"Successfully retrieved user","userId":"RkwkdfNNIaMJ7FrePksukGQksaK2"}
{"level":"info","message":"Successfully retrieved user","userId":"2d3qlVQihlSsJQ7YdGwqJjyFx6F2"}
{"level":"info","message":"Successfully retrieved users","usersCount":6}
{"level":"info","message":"Successfully retrieved user","userId":"UFODsgaYPvNNcE22EpYlWn6AlxO2"}
{"level":"info","message":"Successfully retrieved user","userId":"fOxwIcBczEU7a8iHtd6IxTpnH5i2"}
{"level":"info","message":"Successfully retrieved user","userId":"RkwkdfNNIaMJ7FrePksukGQksaK2"}
{"level":"info","message":"Successfully retrieved user","userId":"2d3qlVQihlSsJQ7YdGwqJjyFx6F2"}
{"level":"info","message":"Successfully retrieved user","userId":"UFODsgaYPvNNcE22EpYlWn6AlxO2"}
{"level":"info","message":"Successfully retrieved user","userId":"fOxwIcBczEU7a8iHtd6IxTpnH5i2"}
{"level":"info","message":"Successfully retrieved user","userId":"RkwkdfNNIaMJ7FrePksukGQksaK2"}
{"level":"info","message":"Successfully retrieved user","userId":"fOxwIcBczEU7a8iHtd6IxTpnH5i2"}
{"level":"info","message":"Successfully retrieved user","userId":"fOxwIcBczEU7a8iHtd6IxTpnH5i2"}
{"level":"info","message":"Successfully retrieved user","userId":"fOxwIcBczEU7a8iHtd6IxTpnH5i2"}
{"level":"info","message":"Successfully retrieved users","usersCount":6}
{"level":"info","message":"Successfully retrieved user","userId":"6Ak8QadCd0Z99coibvUFMHt6Cqk1"}
{"level":"info","message":"Successfully retrieved users","usersCount":6}
{"level":"info","message":"Successfully retrieved user","userId":"6Ak8QadCd0Z99coibvUFMHt6Cqk1"}
{"level":"info","message":"Successfully retrieved user","userId":"6Ak8QadCd0Z99coibvUFMHt6Cqk1"}
{"level":"info","message":"Successfully retrieved user","userId":"6Ak8QadCd0Z99coibvUFMHt6Cqk1"}
{"level":"info","message":"Successfully retrieved user","userId":"6Ak8QadCd0Z99coibvUFMHt6Cqk1"}
{"level":"info","message":"Successfully retrieved user","userId":"6Ak8QadCd0Z99coibvUFMHt6Cqk1"}
{"level":"info","message":"Successfully retrieved user","userId":"fOxwIcBczEU7a8iHtd6IxTpnH5i2"}
{"level":"info","message":"Successfully retrieved user","userId":"fOxwIcBczEU7a8iHtd6IxTpnH5i2"}
{"level":"info","message":"Successfully retrieved user","userId":"fOxwIcBczEU7a8iHtd6IxTpnH5i2"}
{"level":"info","message":"Successfully retrieved user","userId":"6Ak8QadCd0Z99coibvUFMHt6Cqk1"}
{"level":"info","message":"Successfully retrieved user","userId":"6Ak8QadCd0Z99coibvUFMHt6Cqk1"}
{"level":"info","message":"Successfully retrieved user","userId":"6Ak8QadCd0Z99coibvUFMHt6Cqk1"}
{"level":"info","message":"Successfully retrieved user","userId":"6Ak8QadCd0Z99coibvUFMHt6Cqk1"}
{"level":"info","message":"Successfully retrieved user","userId":"6Ak8QadCd0Z99coibvUFMHt6Cqk1"}
{"level":"info","message":"Successfully retrieved user","userId":"6Ak8QadCd0Z99coibvUFMHt6Cqk1"}
{"level":"info","message":"Successfully retrieved user","userId":"2d3qlVQihlSsJQ7YdGwqJjyFx6F2"}
{"level":"info","message":"Successfully retrieved user","userId":"2d3qlVQihlSsJQ7YdGwqJjyFx6F2"}
{"level":"info","message":"Successfully retrieved user","userId":"2d3qlVQihlSsJQ7YdGwqJjyFx6F2"}
{"level":"info","message":"Successfully retrieved user","userId":"RkwkdfNNIaMJ7FrePksukGQksaK2"}
{"level":"info","message":"Successfully retrieved user","userId":"RkwkdfNNIaMJ7FrePksukGQksaK2"}
{"level":"info","message":"Successfully retrieved user","userId":"RkwkdfNNIaMJ7FrePksukGQksaK2"}
{"level":"info","message":"Successfully retrieved user","userId":"6Ak8QadCd0Z99coibvUFMHt6Cqk1"}
{"level":"info","message":"Successfully retrieved user","userId":"6Ak8QadCd0Z99coibvUFMHt6Cqk1"}
{"level":"info","message":"Successfully retrieved user","userId":"6Ak8QadCd0Z99coibvUFMHt6Cqk1"}
{"level":"info","message":"Successfully retrieved user","userId":"6Ak8QadCd0Z99coibvUFMHt6Cqk1"}
{"level":"info","message":"Successfully retrieved user","userId":"kGsooFKj6jdyXzGM8jsBzSeEjrE2"}
{"level":"info","message":"Successfully retrieved user","userId":"kGsooFKj6jdyXzGM8jsBzSeEjrE2"}
{"level":"info","message":"Successfully retrieved user","userId":"kGsooFKj6jdyXzGM8jsBzSeEjrE2"}
{"level":"info","message":"Successfully retrieved user","userId":"UFODsgaYPvNNcE22EpYlWn6AlxO2"}
{"level":"info","message":"Successfully retrieved user","userId":"UFODsgaYPvNNcE22EpYlWn6AlxO2"}
{"level":"info","message":"Successfully retrieved user","userId":"UFODsgaYPvNNcE22EpYlWn6AlxO2"}
{"level":"info","message":"Successfully retrieved users","usersCount":1}
{"level":"info","message":"Successfully retrieved users","usersCount":1}
{"level":"info","message":"Successfully retrieved users","usersCount":1}
{"level":"info","message":"Successfully retrieved users","usersCount":1}
{"level":"info","message":"Successfully retrieved users","usersCount":2}
{"level":"info","message":"Successfully retrieved users","usersCount":2}
{"level":"info","message":"Successfully retrieved user","userId":"1kgKCjJOFeVU8IfBUrW6ukn5vYB2"}
{"level":"info","message":"Successfully retrieved user","userId":"1kgKCjJOFeVU8IfBUrW6ukn5vYB2"}
{"level":"info","message":"Successfully retrieved user","userId":"1kgKCjJOFeVU8IfBUrW6ukn5vYB2"}
{"level":"info","message":"Successfully retrieved user","userId":"1kgKCjJOFeVU8IfBUrW6ukn5vYB2"}
{"level":"info","message":"Successfully retrieved users","usersCount":2}
{"level":"info","message":"Successfully retrieved user","userId":"jALsFpN4zNbOFGFHg1aKUSBB5Xv1"}
{"level":"info","message":"Successfully retrieved users","usersCount":2}
{"level":"info","message":"Successfully retrieved user","userId":"jALsFpN4zNbOFGFHg1aKUSBB5Xv1"}
{"level":"info","message":"Successfully retrieved user","userId":"jALsFpN4zNbOFGFHg1aKUSBB5Xv1"}
{"level":"info","message":"Successfully retrieved user","userId":"jALsFpN4zNbOFGFHg1aKUSBB5Xv1"}
{"level":"info","message":"Successfully retrieved user","userId":"jALsFpN4zNbOFGFHg1aKUSBB5Xv1"}
{"level":"info","message":"Successfully retrieved users","usersCount":2}
{"level":"info","message":"Successfully retrieved user","userId":"1kgKCjJOFeVU8IfBUrW6ukn5vYB2"}
{"level":"info","message":"Successfully retrieved users","usersCount":2}
{"level":"info","message":"Successfully retrieved user","userId":"1kgKCjJOFeVU8IfBUrW6ukn5vYB2"}
{"level":"info","message":"Successfully retrieved user","userId":"1kgKCjJOFeVU8IfBUrW6ukn5vYB2"}
{"level":"info","message":"Successfully retrieved user","userId":"1kgKCjJOFeVU8IfBUrW6ukn5vYB2"}
{"level":"info","message":"Successfully retrieved user","userId":"1kgKCjJOFeVU8IfBUrW6ukn5vYB2"}
{"level":"info","message":"Successfully retrieved users","usersCount":2}
{"level":"info","message":"Successfully retrieved user","userId":"jALsFpN4zNbOFGFHg1aKUSBB5Xv1"}
{"level":"info","message":"Successfully retrieved users","usersCount":2}
{"level":"info","message":"Successfully retrieved user","userId":"jALsFpN4zNbOFGFHg1aKUSBB5Xv1"}
{"level":"info","message":"Successfully retrieved user","userId":"jALsFpN4zNbOFGFHg1aKUSBB5Xv1"}
{"level":"info","message":"Successfully retrieved user","userId":"jALsFpN4zNbOFGFHg1aKUSBB5Xv1"}
{"level":"info","message":"Successfully retrieved user","userId":"jALsFpN4zNbOFGFHg1aKUSBB5Xv1"}
{"level":"info","message":"Successfully retrieved user","userId":"1kgKCjJOFeVU8IfBUrW6ukn5vYB2"}
{"level":"info","message":"Successfully retrieved user","userId":"1kgKCjJOFeVU8IfBUrW6ukn5vYB2"}
{"level":"info","message":"Successfully retrieved user","userId":"1kgKCjJOFeVU8IfBUrW6ukn5vYB2"}
{"level":"info","message":"Successfully retrieved user","userId":"1kgKCjJOFeVU8IfBUrW6ukn5vYB2"}
{"level":"info","message":"Successfully retrieved users","usersCount":2}
{"level":"info","message":"Successfully retrieved user","userId":"1kgKCjJOFeVU8IfBUrW6ukn5vYB2"}
{"level":"info","message":"Successfully retrieved users","usersCount":2}
{"level":"info","message":"Successfully retrieved user","userId":"1kgKCjJOFeVU8IfBUrW6ukn5vYB2"}
{"level":"info","message":"Successfully retrieved user","userId":"1kgKCjJOFeVU8IfBUrW6ukn5vYB2"}
{"level":"info","message":"Successfully retrieved users","usersCount":2}
{"level":"info","message":"Successfully retrieved users","usersCount":2}
{"level":"info","message":"Successfully retrieved user","userId":"1kgKCjJOFeVU8IfBUrW6ukn5vYB2"}
{"level":"info","message":"Successfully retrieved user","userId":"1kgKCjJOFeVU8IfBUrW6ukn5vYB2"}
{"level":"info","message":"Successfully retrieved user","userId":"1kgKCjJOFeVU8IfBUrW6ukn5vYB2"}
